<?xml version="1.0" encoding="UTF-8"?>
<!-- Generated by org.testng.reporters.JUnitReportReporter -->
<testsuite hostname="DESKTOP-4H86CTH" failures="0" tests="1" name="com.httpMethods.cucumber.RunnerGetMethod" time="1.678" errors="0" timestamp="2021-10-04T23:26:55 EDT" skipped="0">
  <testcase classname="com.httpMethods.cucumber.RunnerGetMethod" name="runScenario" time="1.678"/>
  <system-out/>
</testsuite> <!-- com.httpMethods.cucumber.RunnerGetMethod -->
