<?xml version="1.0" encoding="UTF-8"?>
<!-- Generated by org.testng.reporters.JUnitReportReporter -->
<testsuite hostname="DESKTOP-4H86CTH" failures="0" tests="1" name="com.smokeTest.LoginTestExecution" time="3.543" errors="0" timestamp="2021-09-23T10:06:53 EDT" skipped="0">
  <testcase classname="com.smokeTest.LoginTestExecution" name="loginTest" time="3.543"/>
  <system-out/>
</testsuite> <!-- com.smokeTest.LoginTestExecution -->
