<?xml version="1.0" encoding="UTF-8"?>
<!-- Generated by org.testng.reporters.JUnitReportReporter -->
<testsuite hostname="DESKTOP-4H86CTH" failures="0" tests="2" name="com.runner.RunnerFileLogin" time="7.590" errors="0" timestamp="2021-09-16T09:14:31 EDT" skipped="0">
  <testcase classname="com.runner.RunnerFileLogin" name="runScenario" time="7.589"/>
  <system-out/>
  <testcase classname="com.runner.RunnerFileLogin" name="loginTest" time="0.001"/>
  <system-out/>
</testsuite> <!-- com.runner.RunnerFileLogin -->
