<?xml version="1.0" encoding="UTF-8"?>
<!-- Generated by org.testng.reporters.JUnitReportReporter -->
<testsuite hostname="DESKTOP-4H86CTH" failures="0" tests="4" name="com.httpMethods.TestNG.TestingGetWithTestNG" time="0.007" errors="0" timestamp="2021-10-04T23:00:04 EDT" skipped="0">
  <testcase classname="com.httpMethods.TestNG.TestingGetWithTestNG" name="getStatusCode" time="0.000"/>
  <system-out/>
  <testcase classname="com.httpMethods.TestNG.TestingGetWithTestNG" name="getContainType" time="0.006"/>
  <system-out/>
  <testcase classname="com.httpMethods.TestNG.TestingGetWithTestNG" name="getResponseNullOrNot" time="0.000"/>
  <system-out/>
  <testcase classname="com.httpMethods.TestNG.TestingGetWithTestNG" name="getResponseTime" time="0.001"/>
  <system-out/>
</testsuite> <!-- com.httpMethods.TestNG.TestingGetWithTestNG -->
