<?xml version="1.0" encoding="UTF-8"?>
<!-- Generated by org.testng.reporters.JUnitReportReporter -->
<testsuite skipped="0" hostname="DESKTOP-4H86CTH" name="com.runner.RunnerFileLogin" tests="2" failures="0" timestamp="2021-09-30T10:20:40 EDT" time="8.184" errors="0">
  <testcase name="loginTest" time="0.000" classname="com.runner.RunnerFileLogin"/>
  <system-out/>
  <testcase name="runScenario" time="8.184" classname="com.runner.RunnerFileLogin"/>
  <system-out/>
</testsuite> <!-- com.runner.RunnerFileLogin -->
