<?xml version="1.0" encoding="UTF-8"?>
<!-- Generated by org.testng.reporters.JUnitReportReporter -->
<testsuite skipped="0" hostname="DESKTOP-4H86CTH" name="com.httpMethods.cucumber.RunnerGetMethod" tests="1" failures="0" timestamp="2021-10-04T23:29:45 EDT" time="1.705" errors="0">
  <testcase name="runScenario" time="1.705" classname="com.httpMethods.cucumber.RunnerGetMethod"/>
  <system-out/>
</testsuite> <!-- com.httpMethods.cucumber.RunnerGetMethod -->
